<?xml version="1.0" encoding="UTF-8"?>
<!-- Generated by org.testng.reporters.JUnitReportReporter -->
<testsuite hostname="DESKTOP-31VJ9UH" failures="0" tests="2" name="com.test.Dependency_Concepts" time="0.013" errors="0" timestamp="2022-05-02T01:54:04 IST" skipped="0">
  <testcase classname="com.test.Dependency_Concepts" name="tenth" time="0.010"/>
  <system-out/>
  <testcase classname="com.test.Dependency_Concepts" name="twelth" time="0.003"/>
  <system-out/>
</testsuite> <!-- com.test.Dependency_Concepts -->
