<?xml version="1.0" encoding="UTF-8"?>
<!-- Generated by org.testng.reporters.JUnitReportReporter -->
<testsuite hostname="DESKTOP-31VJ9UH" failures="0" tests="3" name="com.test.Ignore_Concept" time="0.016" errors="0" timestamp="2022-05-01T23:21:42 IST" skipped="1">
  <testcase classname="com.test.Ignore_Concept" name="shawarma" time="0.002"/>
  <system-out/>
  <testcase classname="com.test.Ignore_Concept" name="fish" time="0.014"/>
  <system-out/>
  <testcase classname="com.test.Ignore_Concept" name="chicken">
    <skipped/>
  </testcase> <!-- chicken -->
  <system-out/>
</testsuite> <!-- com.test.Ignore_Concept -->
