<?xml version="1.0" encoding="UTF-8"?>
<!-- Generated by org.testng.reporters.JUnitReportReporter -->
<testsuite hostname="DESKTOP-31VJ9UH" failures="0" tests="2" name="com.test.Parellel_Concept" time="0.030" errors="0" timestamp="2022-05-03T19:45:13 IST" skipped="0">
  <testcase classname="com.test.Parellel_Concept" name="insta" time="0.015"/>
  <system-out/>
  <testcase classname="com.test.Parellel_Concept" name="facebook" time="0.015"/>
  <system-out/>
</testsuite> <!-- com.test.Parellel_Concept -->
