<?xml version="1.0" encoding="UTF-8"?>
<!-- Generated by org.testng.reporters.JUnitReportReporter -->
<testsuite hostname="DESKTOP-31VJ9UH" failures="0" tests="3" name="com.test.Dataprovider_Concept" time="0.015" errors="0" timestamp="2022-04-19T10:41:23 IST" skipped="0">
  <testcase classname="com.test.Dataprovider_Concept" name="credentials" time="0.003"/>
  <system-out/>
  <testcase classname="com.test.Dataprovider_Concept" name="credentials" time="0.003"/>
  <system-out/>
  <testcase classname="com.test.Dataprovider_Concept" name="credentials" time="0.009"/>
  <system-out/>
</testsuite> <!-- com.test.Dataprovider_Concept -->
