<?xml version="1.0" encoding="UTF-8"?>
<!-- Generated by org.testng.reporters.JUnitReportReporter -->
<testsuite hostname="DESKTOP-31VJ9UH" failures="0" tests="1" name="com.test.Hard_Assert_Concept" time="0.014" errors="0" timestamp="2022-04-14T20:46:33 IST" skipped="0">
  <testcase classname="com.test.Hard_Assert_Concept" name="demo_Username" time="0.014"/>
  <system-out/>
</testsuite> <!-- com.test.Hard_Assert_Concept -->
