<?xml version="1.0" encoding="UTF-8"?>
<!-- Generated by org.testng.reporters.JUnitReportReporter -->
<testsuite hostname="DESKTOP-31VJ9UH" failures="0" tests="2" name="com.test.Grouping_Concept" time="0.018" errors="0" timestamp="2022-05-02T00:37:07 IST" skipped="0">
  <testcase classname="com.test.Grouping_Concept" name="car" time="0.005"/>
  <system-out/>
  <testcase classname="com.test.Grouping_Concept" name="bike" time="0.013"/>
  <system-out/>
</testsuite> <!-- com.test.Grouping_Concept -->
