<?xml version="1.0" encoding="UTF-8"?>
<!-- Generated by org.testng.reporters.JUnitReportReporter -->
<testsuite hostname="DESKTOP-31VJ9UH" failures="0" tests="5" name="com.test.Simple_Annotations" time="0.038" errors="0" timestamp="2022-05-02T00:46:34 IST" skipped="0">
  <testcase classname="com.test.Simple_Annotations" name="women" time="0.010"/>
  <system-out/>
  <testcase classname="com.test.Simple_Annotations" name="men" time="0.006"/>
  <system-out/>
  <testcase classname="com.test.Simple_Annotations" name="kids" time="0.004"/>
  <system-out/>
  <testcase classname="com.test.Simple_Annotations" name="kids" time="0.008"/>
  <system-out/>
  <testcase classname="com.test.Simple_Annotations" name="kids" time="0.010"/>
  <system-out/>
</testsuite> <!-- com.test.Simple_Annotations -->
