<?xml version="1.0" encoding="UTF-8"?>
<!-- Generated by org.testng.reporters.JUnitReportReporter -->
<testsuite hostname="DESKTOP-31VJ9UH" failures="0" tests="1" name="com.test.ExceptedExceptions_Concept" time="0.012" errors="0" timestamp="2022-05-02T01:59:51 IST" skipped="0">
  <testcase classname="com.test.ExceptedExceptions_Concept" name="demo" time="0.012"/>
  <system-out/>
</testsuite> <!-- com.test.ExceptedExceptions_Concept -->
